#! /usr/bin/vvp
:ivl_version "11.0 (stable)";
:ivl_delay_selection "TYPICAL";
:vpi_time_precision + 0;
:vpi_module "/usr/lib/x86_64-linux-gnu/ivl/system.vpi";
:vpi_module "/usr/lib/x86_64-linux-gnu/ivl/vhdl_sys.vpi";
:vpi_module "/usr/lib/x86_64-linux-gnu/ivl/vhdl_textio.vpi";
:vpi_module "/usr/lib/x86_64-linux-gnu/ivl/v2005_math.vpi";
:vpi_module "/usr/lib/x86_64-linux-gnu/ivl/va_math.vpi";
:vpi_module "/usr/lib/x86_64-linux-gnu/ivl/v2009.vpi";
S_0x55687ceaa580 .scope package, "$unit" "$unit" 2 1;
 .timescale 0 0;
S_0x55687ceaa730 .scope module, "smolMemory" "smolMemory" 3 9;
 .timescale 0 0;
    .port_info 0 /INPUT 1 "clk";
    .port_info 1 /INPUT 1 "memRead";
    .port_info 2 /INPUT 1 "memWrite";
    .port_info 3 /INPUT 32 "memAddr";
    .port_info 4 /INPUT 32 "writeData";
    .port_info 5 /OUTPUT 32 "readData";
o0x7fa76ecdf018 .functor BUFZ 1, C4<z>; HiZ drive
v0x55687ceaa8e0_0 .net "clk", 0 0, o0x7fa76ecdf018;  0 drivers
o0x7fa76ecdf048 .functor BUFZ 32, C4<zzzzzzzzzzzzzzzzzzzzzzzzzzzzzzzz>; HiZ drive
v0x55687cece1d0_0 .net "memAddr", 31 0, o0x7fa76ecdf048;  0 drivers
o0x7fa76ecdf078 .functor BUFZ 1, C4<z>; HiZ drive
v0x55687cece2b0_0 .net "memRead", 0 0, o0x7fa76ecdf078;  0 drivers
o0x7fa76ecdf0a8 .functor BUFZ 1, C4<z>; HiZ drive
v0x55687cece350_0 .net "memWrite", 0 0, o0x7fa76ecdf0a8;  0 drivers
v0x55687cece410 .array "memory", 31 0, 31 0;
v0x55687cece4d0_0 .var "readData", 31 0;
o0x7fa76ecdf108 .functor BUFZ 32, C4<zzzzzzzzzzzzzzzzzzzzzzzzzzzzzzzz>; HiZ drive
v0x55687cece5b0_0 .net "writeData", 31 0, o0x7fa76ecdf108;  0 drivers
E_0x55687cebdb50 .event posedge, v0x55687ceaa8e0_0;
    .scope S_0x55687ceaa730;
T_0 ;
    %wait E_0x55687cebdb50;
    %load/vec4 v0x55687cece350_0;
    %flag_set/vec4 8;
    %jmp/0xz  T_0.0, 8;
    %load/vec4 v0x55687cece5b0_0;
    %load/vec4 v0x55687cece1d0_0;
    %parti/s 5, 2, 3;
    %pad/u 7;
    %ix/vec4 3;
    %ix/load 4, 0, 0; Constant delay
    %assign/vec4/a/d v0x55687cece410, 0, 4;
T_0.0 ;
    %jmp T_0;
    .thread T_0;
    .scope S_0x55687ceaa730;
T_1 ;
    %wait E_0x55687cebdb50;
    %load/vec4 v0x55687cece2b0_0;
    %flag_set/vec4 8;
    %jmp/0xz  T_1.0, 8;
    %load/vec4 v0x55687cece1d0_0;
    %parti/s 5, 2, 3;
    %pad/u 7;
    %ix/vec4 4;
    %load/vec4a v0x55687cece410, 4;
    %assign/vec4 v0x55687cece4d0_0, 0;
T_1.0 ;
    %jmp T_1;
    .thread T_1;
# The file index is used to find the file name in the following table.
:file_names 4;
    "N/A";
    "<interactive>";
    "-";
    "smolMemory.sv";
